2025-03-10 17:27:26,578 - src.utils.logging - INFO - Starting crawler.text_extractor script
2025-03-10 17:27:26,578 - src.utils.logging - INFO - Starting text_extractor script
2025-03-10 17:27:26,578 - src.utils.logging - INFO - Running crawler: text_extractor
2025-03-10 17:27:26,578 - src.utils.logging - INFO - Running text_extractor on scmp_headlines
2025-03-10 17:27:26,579 - TextExtractor - INFO - Processing target 1/1
2025-03-10 17:27:26,689 - TextExtractor - INFO - Found 36 text elements with XPath '//div[@data-qa='Component-Headline']//h2'
2025-03-10 17:27:26,690 - TextExtractor - INFO - Found 36 text items from https://www.scmp.com/news/china
2025-03-10 17:27:26,690 - src.utils.logging - INFO - Completed crawling for source: scmp_headlines
2025-03-10 17:27:26,690 - src.utils.logging - INFO - Completed crawling for crawler: text_extractor
2025-03-10 17:28:25,495 - src.utils.logging - INFO - Starting crawler.text_extractor script
2025-03-10 17:28:25,495 - src.utils.logging - INFO - Starting text_extractor script
2025-03-10 17:28:25,495 - src.utils.logging - INFO - Running crawler: text_extractor
2025-03-10 17:28:25,495 - src.utils.logging - INFO - Running text_extractor on scmp_headlines
2025-03-10 17:28:25,496 - TextExtractor - INFO - Processing target 1/1
2025-03-10 17:28:25,833 - TextExtractor - INFO - Found 36 text elements with XPath '//div[@data-qa='Component-Headline']//h2'
2025-03-10 17:28:25,835 - TextExtractor - INFO - Found 36 text items from https://www.scmp.com/news/china
2025-03-10 17:28:25,836 - src.utils.logging - INFO - Completed crawling for source: scmp_headlines
2025-03-10 17:28:25,836 - src.utils.logging - INFO - Completed crawling for crawler: text_extractor
2025-03-10 17:28:35,128 - src.utils.logging - INFO - Starting crawler.text_extractor script
2025-03-10 17:28:35,128 - src.utils.logging - INFO - Starting text_extractor script
2025-03-10 17:28:35,128 - src.utils.logging - INFO - Running crawler: text_extractor
2025-03-10 17:28:35,128 - src.utils.logging - INFO - Running text_extractor on scmp_headlines
2025-03-10 17:28:35,129 - TextExtractor - INFO - Processing target 1/1
2025-03-10 17:28:35,204 - TextExtractor - ERROR - Failed to fetch https://www.scmp.com/news/china: 403 Client Error: Forbidden for url: https://www.scmp.com/news/china
2025-03-10 17:28:35,204 - TextExtractor - ERROR - Failed to fetch https://www.scmp.com/news/china
2025-03-10 17:28:35,204 - TextExtractor - INFO - Found 0 text items from https://www.scmp.com/news/china
2025-03-10 17:28:35,205 - src.utils.logging - INFO - Completed crawling for source: scmp_headlines
2025-03-10 17:28:35,205 - src.utils.logging - INFO - Completed crawling for crawler: text_extractor
2025-03-10 17:33:57,804 - src.utils.logging - INFO - Starting crawler.text_extractor script
2025-03-10 17:33:57,804 - src.utils.logging - INFO - Starting text_extractor script
2025-03-10 17:33:57,804 - src.utils.logging - INFO - Running crawler: text_extractor
2025-03-10 17:33:57,804 - src.utils.logging - INFO - Running text_extractor on scmp_headlines
2025-03-10 17:33:57,805 - TextExtractor - INFO - Processing target 1/1
2025-03-10 17:33:57,966 - TextExtractor - INFO - Found 36 text elements with XPath '//div[@data-qa='Component-Headline']//h2'
2025-03-10 17:33:57,968 - TextExtractor - INFO - Found 36 text items from https://www.scmp.com/news/china
2025-03-10 17:33:57,969 - src.utils.logging - INFO - Completed crawling for source: scmp_headlines
2025-03-10 17:33:57,969 - src.utils.logging - INFO - Completed crawling for crawler: text_extractor
2025-03-10 17:34:40,021 - src.utils.logging - INFO - Starting crawler.text_extractor script
2025-03-10 17:34:40,021 - src.utils.logging - INFO - Starting text_extractor script
2025-03-10 17:34:40,021 - src.utils.logging - INFO - Running crawler: text_extractor
2025-03-10 17:34:40,021 - src.utils.logging - INFO - Running text_extractor on scmp_headlines
2025-03-10 17:34:40,022 - TextExtractor - INFO - Processing target 1/1
2025-03-10 17:34:40,141 - TextExtractor - INFO - Found 36 text elements with XPath '//div[@data-qa='Component-Headline']//h2'
2025-03-10 17:34:40,142 - TextExtractor - INFO - Found 36 text items from https://www.scmp.com/news/china
2025-03-10 17:34:40,144 - src.utils.logging - INFO - Completed crawling for source: scmp_headlines
2025-03-10 17:34:40,144 - src.utils.logging - INFO - Completed crawling for crawler: text_extractor
2025-03-10 17:35:03,075 - src.utils.logging - INFO - Starting crawler.text_extractor script
2025-03-10 17:35:03,075 - src.utils.logging - INFO - Starting text_extractor script
2025-03-10 17:35:03,075 - src.utils.logging - INFO - Running crawler: text_extractor
2025-03-10 17:35:03,075 - src.utils.logging - INFO - Running text_extractor on scmp_headlines
2025-03-10 17:35:03,076 - TextExtractor - INFO - Processing target 1/1
2025-03-10 17:35:03,121 - TextExtractor - ERROR - Failed to fetch https://www.scmp.com/news/china: 403 Client Error: Forbidden for url: https://www.scmp.com/news/china
2025-03-10 17:35:03,121 - TextExtractor - ERROR - Failed to fetch https://www.scmp.com/news/china
2025-03-10 17:35:03,121 - TextExtractor - INFO - Found 0 text items from https://www.scmp.com/news/china
2025-03-10 17:35:03,122 - src.utils.logging - INFO - Completed crawling for source: scmp_headlines
2025-03-10 17:35:03,122 - src.utils.logging - INFO - Completed crawling for crawler: text_extractor
2025-03-10 17:41:16,313 - src.utils.logging - INFO - Starting crawler.text_extractor script
2025-03-10 17:41:16,313 - src.utils.logging - INFO - Starting text_extractor script
2025-03-10 17:41:16,314 - src.utils.logging - INFO - Running crawler: text_extractor
2025-03-10 17:41:16,314 - src.utils.logging - INFO - Running text_extractor on scmp_headlines
2025-03-10 17:41:16,314 - TextExtractor - INFO - Processing target 1/1
2025-03-10 17:41:16,407 - TextExtractor - INFO - Found 36 text elements with XPath '//div[@data-qa='Component-Headline']//h2'
2025-03-10 17:41:16,408 - TextExtractor - INFO - Found 36 text items from https://www.scmp.com/news/china
2025-03-10 17:41:16,409 - src.utils.logging - INFO - Completed crawling for source: scmp_headlines
2025-03-10 17:41:16,409 - src.utils.logging - INFO - Completed crawling for crawler: text_extractor
2025-03-10 17:45:26,287 - src.utils.logging - INFO - Starting crawler.text_extractor script
2025-03-10 17:45:26,288 - src.utils.logging - INFO - Starting text_extractor script
2025-03-10 17:45:26,288 - src.utils.logging - INFO - Running crawler: text_extractor
2025-03-10 17:45:26,288 - src.utils.logging - INFO - Running text_extractor on scmp_headlines
2025-03-10 17:45:26,291 - TextExtractor - INFO - Processing target 1/1
2025-03-10 17:45:26,419 - TextExtractor - INFO - Found 36 text elements with XPath '//div[@data-qa='Component-Headline']//h2'
2025-03-10 17:45:26,421 - TextExtractor - INFO - Found 36 text items from https://www.scmp.com/news/china
2025-03-10 17:45:26,422 - src.utils.logging - INFO - Completed crawling for source: scmp_headlines
2025-03-10 17:45:26,422 - src.utils.logging - INFO - Completed crawling for crawler: text_extractor
2025-03-10 17:45:36,050 - src.utils.logging - INFO - Starting crawler.text_extractor script
2025-03-10 17:45:36,050 - src.utils.logging - INFO - Starting text_extractor script
2025-03-10 17:45:36,050 - src.utils.logging - INFO - Running crawler: text_extractor
2025-03-10 17:45:36,050 - src.utils.logging - INFO - Running text_extractor on scmp_headlines
2025-03-10 17:45:36,052 - TextExtractor - INFO - Processing target 1/1
2025-03-10 17:45:36,093 - TextExtractor - ERROR - Failed to fetch https://www.scmp.com/news/china: 403 Client Error: Forbidden for url: https://www.scmp.com/news/china
2025-03-10 17:45:36,094 - TextExtractor - ERROR - Failed to fetch https://www.scmp.com/news/china
2025-03-10 17:45:36,094 - TextExtractor - INFO - Found 0 text items from https://www.scmp.com/news/china
2025-03-10 17:45:36,095 - src.utils.logging - INFO - Completed crawling for source: scmp_headlines
2025-03-10 17:45:36,095 - src.utils.logging - INFO - Completed crawling for crawler: text_extractor
2025-03-10 17:53:23,033 - src.utils.logging - INFO - Starting crawler.text_extractor script
2025-03-10 17:53:23,033 - src.utils.logging - INFO - Starting text_extractor script
2025-03-10 17:53:23,033 - src.utils.logging - INFO - Running crawler: text_extractor
2025-03-10 17:53:23,033 - src.utils.logging - INFO - Running text_extractor on scmp_headlines
2025-03-10 17:53:23,039 - TextExtractor - INFO - Processing target 1/1
2025-03-10 17:53:23,114 - TextExtractor - ERROR - Failed to fetch https://www.scmp.com/news/china: 403 Client Error: Forbidden for url: https://www.scmp.com/news/china
2025-03-10 17:53:23,114 - TextExtractor - ERROR - Failed to fetch https://www.scmp.com/news/china
2025-03-10 17:53:23,114 - TextExtractor - INFO - Found 0 text items from https://www.scmp.com/news/china
2025-03-10 17:53:23,114 - src.utils.logging - INFO - Completed crawling for source: scmp_headlines
2025-03-10 17:53:23,114 - src.utils.logging - INFO - Completed crawling for crawler: text_extractor
2025-03-10 17:54:00,181 - src.utils.logging - INFO - Starting crawler.text_extractor script
2025-03-10 17:54:00,181 - src.utils.logging - INFO - Starting text_extractor script
2025-03-10 17:54:00,181 - src.utils.logging - INFO - Running crawler: text_extractor
2025-03-10 17:54:00,181 - src.utils.logging - INFO - Running text_extractor on scmp_headlines
2025-03-10 17:54:00,185 - TextExtractor - INFO - Processing target 1/1
2025-03-10 17:54:00,330 - TextExtractor - INFO - Found 36 text elements with XPath '//div[@data-qa='Component-Headline']//h2'
2025-03-10 17:54:00,331 - TextExtractor - INFO - Found 36 text items from https://www.scmp.com/news/china
2025-03-10 17:54:00,332 - src.utils.logging - INFO - Completed crawling for source: scmp_headlines
2025-03-10 17:54:00,332 - src.utils.logging - INFO - Completed crawling for crawler: text_extractor
2025-03-10 17:54:28,936 - src.utils.logging - INFO - Starting crawler.text_extractor script
2025-03-10 17:54:28,936 - src.utils.logging - INFO - Starting text_extractor script
2025-03-10 17:54:28,936 - src.utils.logging - INFO - Running crawler: text_extractor
2025-03-10 17:54:28,936 - src.utils.logging - INFO - Running text_extractor on scmp_headlines
2025-03-10 17:54:28,940 - TextExtractor - INFO - Processing target 1/1
2025-03-10 17:54:28,991 - TextExtractor - ERROR - Failed to fetch https://www.scmp.com/news/china: 403 Client Error: Forbidden for url: https://www.scmp.com/news/china
2025-03-10 17:54:28,992 - TextExtractor - ERROR - Failed to fetch https://www.scmp.com/news/china
2025-03-10 17:54:28,992 - TextExtractor - INFO - Found 0 text items from https://www.scmp.com/news/china
2025-03-10 17:54:28,992 - src.utils.logging - INFO - Completed crawling for source: scmp_headlines
2025-03-10 17:54:28,992 - src.utils.logging - INFO - Completed crawling for crawler: text_extractor
2025-03-10 17:54:40,899 - src.utils.logging - INFO - Starting crawler.text_extractor script
2025-03-10 17:54:40,899 - src.utils.logging - INFO - Starting text_extractor script
2025-03-10 17:54:40,899 - src.utils.logging - INFO - Running crawler: text_extractor
2025-03-10 17:54:40,899 - src.utils.logging - INFO - Running text_extractor on scmp_headlines
2025-03-10 17:54:40,903 - TextExtractor - INFO - Processing target 1/1
2025-03-10 17:54:40,951 - TextExtractor - ERROR - Failed to fetch https://www.scmp.com/news/china: 403 Client Error: Forbidden for url: https://www.scmp.com/news/china
2025-03-10 17:54:40,951 - TextExtractor - ERROR - Failed to fetch https://www.scmp.com/news/china
2025-03-10 17:54:40,951 - TextExtractor - INFO - Found 0 text items from https://www.scmp.com/news/china
2025-03-10 17:54:40,952 - src.utils.logging - INFO - Completed crawling for source: scmp_headlines
2025-03-10 17:54:40,952 - src.utils.logging - INFO - Completed crawling for crawler: text_extractor
2025-03-10 17:55:19,080 - src.utils.logging - INFO - Starting crawler.text_extractor script
2025-03-10 17:55:19,081 - src.utils.logging - INFO - Starting text_extractor script
2025-03-10 17:55:19,081 - src.utils.logging - INFO - Running crawler: text_extractor
2025-03-10 17:55:19,081 - src.utils.logging - INFO - Running text_extractor on scmp_headlines
2025-03-10 17:55:19,085 - TextExtractor - INFO - Processing target 1/1
2025-03-10 17:55:19,912 - TextExtractor - INFO - Found 36 text elements with XPath '//div[@data-qa='Component-Headline']//h2'
2025-03-10 17:55:19,913 - TextExtractor - INFO - Found 36 text items from https://www.scmp.com/news/china
2025-03-10 17:55:19,914 - src.utils.logging - INFO - Completed crawling for source: scmp_headlines
2025-03-10 17:55:19,914 - src.utils.logging - INFO - Completed crawling for crawler: text_extractor
2025-03-10 17:55:41,120 - src.utils.logging - INFO - Starting crawler.text_extractor script
2025-03-10 17:55:41,120 - src.utils.logging - INFO - Starting text_extractor script
2025-03-10 17:55:41,120 - src.utils.logging - INFO - Running crawler: text_extractor
2025-03-10 17:55:41,120 - src.utils.logging - INFO - Running text_extractor on scmp_headlines
2025-03-10 17:55:41,124 - TextExtractor - INFO - Processing target 1/1
2025-03-10 17:55:41,613 - TextExtractor - INFO - Found 36 text elements with XPath '//div[@data-qa='Component-Headline']//h2'
2025-03-10 17:55:41,614 - TextExtractor - INFO - Found 36 text items from https://www.scmp.com/news/china
2025-03-10 17:55:41,615 - src.utils.logging - INFO - Completed crawling for source: scmp_headlines
2025-03-10 17:55:41,615 - src.utils.logging - INFO - Completed crawling for crawler: text_extractor
2025-03-10 17:55:45,848 - src.utils.logging - INFO - Starting crawler.text_extractor script
2025-03-10 17:55:45,848 - src.utils.logging - INFO - Starting text_extractor script
2025-03-10 17:55:45,848 - src.utils.logging - INFO - Running crawler: text_extractor
2025-03-10 17:55:45,848 - src.utils.logging - INFO - Running text_extractor on scmp_headlines
2025-03-10 17:55:45,852 - TextExtractor - INFO - Processing target 1/1
2025-03-10 17:55:46,048 - TextExtractor - INFO - Found 36 text elements with XPath '//div[@data-qa='Component-Headline']//h2'
2025-03-10 17:55:46,049 - TextExtractor - INFO - Found 36 text items from https://www.scmp.com/news/china
2025-03-10 17:55:46,050 - src.utils.logging - INFO - Completed crawling for source: scmp_headlines
2025-03-10 17:55:46,050 - src.utils.logging - INFO - Completed crawling for crawler: text_extractor
2025-03-10 17:56:27,380 - src.utils.logging - INFO - Starting crawler.text_extractor script
2025-03-10 17:56:27,380 - src.utils.logging - INFO - Starting text_extractor script
2025-03-10 17:56:27,380 - src.utils.logging - INFO - Running crawler: text_extractor
2025-03-10 17:56:27,380 - src.utils.logging - INFO - Running text_extractor on scmp_headlines
2025-03-10 17:56:27,385 - TextExtractor - INFO - Processing target 1/1
2025-03-10 17:56:27,560 - TextExtractor - ERROR - Error in extract_text for https://www.scmp.com/news/china: expected string or bytes-like object, got 'Response'
2025-03-10 17:56:27,561 - TextExtractor - ERROR - Traceback (most recent call last):
  File "/Users/dhchoi/Github/dhg503-project/src/crawler/spiders/TextExtractor.py", line 71, in extract_text
    page = html.fromstring(html_content)
           ^^^^^^^^^^^^^^^^^^^^^^^^^^^^^
  File "/Users/dhchoi/Github/dhg503-project/.venv/lib/python3.11/site-packages/lxml/html/__init__.py", line 849, in fromstring
    is_full_html = _looks_like_full_html_unicode(html)
                   ^^^^^^^^^^^^^^^^^^^^^^^^^^^^^^^^^^^
TypeError: expected string or bytes-like object, got 'Response'

2025-03-10 17:56:27,562 - TextExtractor - INFO - Found 0 text items from https://www.scmp.com/news/china
2025-03-10 17:56:27,562 - src.utils.logging - INFO - Completed crawling for source: scmp_headlines
2025-03-10 17:56:27,563 - src.utils.logging - INFO - Completed crawling for crawler: text_extractor
2025-03-10 17:56:35,836 - src.utils.logging - INFO - Starting crawler.text_extractor script
2025-03-10 17:56:35,836 - src.utils.logging - INFO - Starting text_extractor script
2025-03-10 17:56:35,837 - src.utils.logging - INFO - Running crawler: text_extractor
2025-03-10 17:56:35,837 - src.utils.logging - INFO - Running text_extractor on scmp_headlines
2025-03-10 17:56:35,840 - TextExtractor - INFO - Processing target 1/1
2025-03-10 17:56:36,052 - TextExtractor - INFO - Found 36 text elements with XPath '//div[@data-qa='Component-Headline']//h2'
2025-03-10 17:56:36,054 - TextExtractor - INFO - Found 36 text items from https://www.scmp.com/news/china
2025-03-10 17:56:36,055 - src.utils.logging - INFO - Completed crawling for source: scmp_headlines
2025-03-10 17:56:36,055 - src.utils.logging - INFO - Completed crawling for crawler: text_extractor
2025-03-10 17:56:57,154 - src.utils.logging - INFO - Starting crawler.text_extractor script
2025-03-10 17:56:57,154 - src.utils.logging - INFO - Starting text_extractor script
2025-03-10 17:56:57,154 - src.utils.logging - INFO - Running crawler: text_extractor
2025-03-10 17:56:57,154 - src.utils.logging - INFO - Running text_extractor on scmp_headlines
2025-03-10 17:56:57,158 - TextExtractor - INFO - Processing target 1/1
2025-03-10 17:56:57,391 - TextExtractor - INFO - Found 36 text elements with XPath '//div[@data-qa='Component-Headline']//h2'
2025-03-10 17:56:57,393 - TextExtractor - INFO - Found 36 text items from https://www.scmp.com/news/china
2025-03-10 17:56:57,394 - src.utils.logging - INFO - Completed crawling for source: scmp_headlines
2025-03-10 17:56:57,394 - src.utils.logging - INFO - Completed crawling for crawler: text_extractor
2025-03-16 22:29:55,919 - src.utils.logging - INFO - Starting crawler.text_extractor script
2025-03-16 22:29:55,919 - src.utils.logging - INFO - Starting text_extractor script
2025-03-16 22:29:55,919 - src.utils.logging - INFO - Running crawler: text_extractor
2025-03-16 22:29:55,919 - src.utils.logging - INFO - Running text_extractor on scmp_headlines
2025-03-16 22:29:55,920 - TextExtractor - INFO - Processing target 1/1
2025-03-16 22:29:56,164 - TextExtractor - INFO - Found 35 text elements with XPath '//div[@data-qa='Component-Headline']//h2'
2025-03-16 22:29:56,166 - TextExtractor - INFO - Found 35 text items from https://www.scmp.com/news/china
2025-03-16 22:29:56,168 - src.utils.logging - INFO - Completed crawling for source: scmp_headlines
2025-03-16 22:29:56,168 - src.utils.logging - INFO - Completed crawling for crawler: text_extractor
2025-03-16 22:44:26,068 - src.utils.logging - INFO - Starting crawler.text_extractor script
2025-03-16 22:44:26,069 - src.utils.logging - INFO - Starting text_extractor script
2025-03-16 22:44:26,069 - src.utils.logging - INFO - Running crawler: text_extractor
2025-03-16 22:44:26,069 - src.utils.logging - INFO - Running text_extractor on scmp_headlines
2025-03-16 22:44:26,069 - src.utils.logging - INFO - Completed crawling for source: scmp_headlines
2025-03-16 22:44:26,069 - src.utils.logging - INFO - Completed crawling for crawler: text_extractor
2025-03-16 22:44:40,943 - src.utils.logging - INFO - Starting crawler.text_extractor script
2025-03-16 22:44:40,944 - src.utils.logging - INFO - Starting text_extractor script
2025-03-16 22:44:40,944 - src.utils.logging - INFO - Running crawler: text_extractor
2025-03-16 22:44:40,944 - src.utils.logging - INFO - Running text_extractor on scmp_headlines
2025-03-16 22:44:40,944 - src.utils.logging - INFO - Completed crawling for source: scmp_headlines
2025-03-16 22:44:40,944 - src.utils.logging - INFO - Completed crawling for crawler: text_extractor
2025-03-16 22:45:21,363 - src.utils.logging - INFO - Starting crawler.text_extractor script
2025-03-16 22:45:21,363 - src.utils.logging - INFO - Starting text_extractor script
2025-03-16 22:45:21,363 - src.utils.logging - INFO - Running crawler: text_extractor
2025-03-16 22:45:21,363 - src.utils.logging - INFO - Running text_extractor on scmp_headlines
2025-03-16 22:45:21,364 - src.utils.logging - INFO - Completed crawling for source: scmp_headlines
2025-03-16 22:45:21,364 - src.utils.logging - INFO - Completed crawling for crawler: text_extractor
2025-03-16 22:45:33,573 - src.utils.logging - INFO - Starting crawler.text_extractor script
2025-03-16 22:45:33,574 - src.utils.logging - INFO - Starting text_extractor script
2025-03-16 22:45:33,574 - src.utils.logging - INFO - Running crawler: text_extractor
2025-03-16 22:45:33,574 - src.utils.logging - INFO - Running text_extractor on scmp_headlines
2025-03-16 22:45:33,574 - src.utils.logging - INFO - Completed crawling for source: scmp_headlines
2025-03-16 22:45:33,574 - src.utils.logging - INFO - Completed crawling for crawler: text_extractor
2025-03-16 22:47:07,594 - src.utils.logging - INFO - Starting crawler.text_extractor script
2025-03-16 22:47:07,594 - src.utils.logging - INFO - Starting text_extractor script
2025-03-16 22:47:07,594 - src.utils.logging - INFO - Running crawler: text_extractor
2025-03-16 22:47:07,594 - src.utils.logging - INFO - Running text_extractor on scmp_headlines
2025-03-16 22:47:07,594 - src.utils.logging - INFO - Completed crawling for source: scmp_headlines
2025-03-16 22:47:07,594 - src.utils.logging - INFO - Completed crawling for crawler: text_extractor
2025-03-16 22:47:32,385 - src.utils.logging - INFO - Starting crawler.text_extractor script
2025-03-16 22:47:32,385 - src.utils.logging - INFO - Starting text_extractor script
2025-03-16 22:47:32,385 - src.utils.logging - INFO - Running crawler: text_extractor
2025-03-16 22:47:32,385 - src.utils.logging - INFO - Running text_extractor on scmp_headlines
2025-03-16 22:47:32,391 - TextExtractor - INFO - Processing target 1/1
2025-03-16 22:47:32,595 - TextExtractor - INFO - Found 35 text elements with XPath '//div[@data-qa='Component-Headline']//h2'
2025-03-16 22:47:32,596 - TextExtractor - INFO - Found 35 text items from https://www.scmp.com/news/china
2025-03-16 22:47:32,597 - src.utils.logging - INFO - Completed crawling for source: scmp_headlines
2025-03-16 22:47:32,597 - src.utils.logging - INFO - Completed crawling for crawler: text_extractor
2025-03-16 23:35:50,474 - src.utils.logging - INFO - Starting crawler.text_extractor script
2025-03-16 23:35:50,474 - src.utils.logging - INFO - Starting text_extractor script
2025-03-16 23:35:50,474 - src.utils.logging - INFO - Running crawler: text_extractor
2025-03-16 23:35:50,474 - src.utils.logging - INFO - Running text_extractor on scmp_headlines
2025-03-16 23:35:50,478 - TextExtractor - INFO - Processing target 1/1
2025-03-16 23:35:50,591 - TextExtractor - INFO - Found 35 elements with XPath '//div[@data-qa='Component-Headline']//h2'
2025-03-16 23:35:50,591 - TextExtractor - ERROR - Error processing target https://www.scmp.com/news/china: 'lxml.etree._ElementUnicodeResult' object does not support item assignment
2025-03-16 23:35:50,592 - src.utils.logging - ERROR - Error with source scmp_headlines: 'lxml.etree._ElementUnicodeResult' object does not support item assignment
Traceback (most recent call last):
  File "/Users/dhchoi/Github/dhg503-project/scripts/crawl.py", line 87, in main
    crawler.crawl()
  File "/Users/dhchoi/Github/dhg503-project/src/crawler/spiders/ElementExtractor.py", line 49, in crawl
    item["source_url"] = input_url
    ~~~~^^^^^^^^^^^^^^
TypeError: 'lxml.etree._ElementUnicodeResult' object does not support item assignment
2025-03-16 23:35:50,593 - src.utils.logging - INFO - Completed crawling for crawler: text_extractor
2025-03-16 23:36:52,960 - src.utils.logging - INFO - Starting crawler.text_extractor script
2025-03-16 23:36:52,960 - src.utils.logging - INFO - Starting text_extractor script
2025-03-16 23:36:52,960 - src.utils.logging - INFO - Running crawler: text_extractor
2025-03-16 23:36:52,960 - src.utils.logging - INFO - Running text_extractor on scmp_headlines
2025-03-16 23:36:52,964 - TextExtractor - INFO - Processing target 1/1
2025-03-16 23:36:53,077 - TextExtractor - INFO - Found 35 elements with XPath '//div[@data-qa='Component-Headline']//h2'
2025-03-16 23:36:53,079 - src.utils.logging - INFO - Completed crawling for source: scmp_headlines
2025-03-16 23:36:53,079 - src.utils.logging - INFO - Completed crawling for crawler: text_extractor
2025-03-16 23:38:48,856 - src.utils.logging - INFO - Starting crawler.text_extractor script
2025-03-16 23:38:48,856 - src.utils.logging - INFO - Starting text_extractor script
2025-03-16 23:38:48,856 - src.utils.logging - INFO - Running crawler: text_extractor
2025-03-16 23:38:48,857 - src.utils.logging - INFO - Running text_extractor on scmp_headlines
2025-03-16 23:38:48,861 - TextExtractor - INFO - Processing url https://www.scmp.com/news/china
2025-03-16 23:38:48,971 - TextExtractor - INFO - Found 35 elements with XPath '//div[@data-qa='Component-Headline']//h2'
2025-03-16 23:38:48,973 - src.utils.logging - INFO - Completed crawling for source: scmp_headlines
2025-03-16 23:38:48,973 - src.utils.logging - INFO - Completed crawling for crawler: text_extractor
2025-03-16 23:39:16,114 - src.utils.logging - INFO - Starting crawler.text_extractor script
2025-03-16 23:39:16,114 - src.utils.logging - INFO - Starting text_extractor script
2025-03-16 23:39:16,114 - src.utils.logging - INFO - Running crawler: text_extractor
2025-03-16 23:39:16,114 - src.utils.logging - INFO - Running text_extractor on scmp_headlines
2025-03-16 23:39:16,120 - TextExtractor - INFO - Processing url https://www.scmp.com/news/china
2025-03-16 23:39:16,226 - TextExtractor - INFO - Found 35 elements with XPath '//div[@data-qa='Component-Headline']//h2'
2025-03-16 23:39:16,227 - src.utils.logging - INFO - Completed crawling for source: scmp_headlines
2025-03-16 23:39:16,227 - src.utils.logging - INFO - Completed crawling for crawler: text_extractor
2025-03-16 23:39:22,833 - src.utils.logging - INFO - Starting crawler.text_extractor script
2025-03-16 23:39:22,833 - src.utils.logging - INFO - Starting text_extractor script
2025-03-16 23:39:22,833 - src.utils.logging - INFO - Running crawler: text_extractor
2025-03-16 23:39:22,834 - src.utils.logging - INFO - Running text_extractor on scmp_headlines
2025-03-16 23:39:22,834 - TextExtractor - INFO - Processing url https://www.scmp.com/news/china
2025-03-16 23:39:22,969 - TextExtractor - INFO - Found 35 elements with XPath '//div[@data-qa='Component-Headline']//h2'
2025-03-16 23:39:22,970 - src.utils.logging - INFO - Completed crawling for source: scmp_headlines
2025-03-16 23:39:22,971 - src.utils.logging - INFO - Completed crawling for crawler: text_extractor
2025-03-16 23:39:40,064 - src.utils.logging - INFO - Starting crawler.text_extractor script
2025-03-16 23:39:40,064 - src.utils.logging - INFO - Starting text_extractor script
2025-03-16 23:39:40,064 - src.utils.logging - INFO - Running crawler: text_extractor
2025-03-16 23:39:40,064 - src.utils.logging - INFO - Running text_extractor on scmp_headlines
2025-03-16 23:39:40,064 - TextExtractor - INFO - Processing url https://www.scmp.com/news/china
2025-03-16 23:39:40,159 - TextExtractor - INFO - Found 35 elements with XPath '//div[@data-qa='Component-Headline']//h2'
2025-03-16 23:39:40,160 - src.utils.logging - INFO - Completed crawling for source: scmp_headlines
2025-03-16 23:39:40,160 - src.utils.logging - INFO - Completed crawling for crawler: text_extractor
2025-03-16 23:40:01,240 - src.utils.logging - INFO - Starting crawler.text_extractor script
2025-03-16 23:40:01,240 - src.utils.logging - INFO - Starting text_extractor script
2025-03-16 23:40:01,240 - src.utils.logging - INFO - Running crawler: text_extractor
2025-03-16 23:40:01,240 - src.utils.logging - INFO - Running text_extractor on scmp_headlines
2025-03-16 23:40:01,241 - TextExtractor - INFO - Processing url https://www.scmp.com/news/china
2025-03-16 23:40:01,356 - TextExtractor - INFO - Found 35 elements with XPath '//div[@data-qa='Component-Headline']//h2'
2025-03-16 23:40:01,358 - src.utils.logging - INFO - Completed crawling for source: scmp_headlines
2025-03-16 23:40:01,358 - src.utils.logging - INFO - Completed crawling for crawler: text_extractor
2025-03-16 23:40:27,179 - src.utils.logging - INFO - Starting crawler.text_extractor script
2025-03-16 23:40:27,179 - src.utils.logging - INFO - Starting text_extractor script
2025-03-16 23:40:27,179 - src.utils.logging - INFO - Running crawler: text_extractor
2025-03-16 23:40:27,179 - src.utils.logging - INFO - Running text_extractor on scmp_headlines
2025-03-16 23:40:27,180 - TextExtractor - INFO - Processing url https://www.scmp.com/news/china
2025-03-16 23:40:27,308 - TextExtractor - INFO - Found 35 elements with XPath '//div[@data-qa='Component-Headline']//h2'
2025-03-16 23:40:27,310 - src.utils.logging - INFO - Completed crawling for source: scmp_headlines
2025-03-16 23:40:27,310 - src.utils.logging - INFO - Completed crawling for crawler: text_extractor
2025-03-16 23:41:08,562 - src.utils.logging - INFO - Starting crawler.text_extractor script
2025-03-16 23:41:08,562 - src.utils.logging - INFO - Starting text_extractor script
2025-03-16 23:41:08,562 - src.utils.logging - INFO - Running crawler: text_extractor
2025-03-16 23:41:08,562 - src.utils.logging - INFO - Running text_extractor on scmp_headlines
2025-03-16 23:41:08,562 - TextExtractor - INFO - Processing url https://www.scmp.com/news/china
2025-03-16 23:41:08,692 - TextExtractor - INFO - Found 35 elements with XPath '//div[@data-qa='Component-Headline']//h2'
2025-03-16 23:41:08,693 - src.utils.logging - INFO - Completed crawling for source: scmp_headlines
2025-03-16 23:41:08,693 - src.utils.logging - INFO - Completed crawling for crawler: text_extractor
2025-03-16 23:42:19,571 - src.utils.logging - INFO - Starting crawler.text_extractor script
2025-03-16 23:42:19,571 - src.utils.logging - INFO - Starting text_extractor script
2025-03-16 23:42:19,571 - src.utils.logging - INFO - Running crawler: text_extractor
2025-03-16 23:42:19,571 - src.utils.logging - INFO - Running text_extractor on scmp_headlines
2025-03-16 23:42:19,572 - TextExtractor - INFO - Processing url https://www.scmp.com/news/china
2025-03-16 23:42:19,697 - TextExtractor - INFO - Found 35 elements with XPath '//div[@data-qa='Component-Headline']//h2'
2025-03-16 23:42:19,698 - src.utils.logging - INFO - Completed crawling for source: scmp_headlines
2025-03-16 23:42:19,699 - src.utils.logging - INFO - Completed crawling for crawler: text_extractor
2025-03-16 23:43:43,028 - src.utils.logging - INFO - Starting crawler.text_extractor script
2025-03-16 23:43:43,029 - src.utils.logging - INFO - Starting text_extractor script
2025-03-16 23:43:43,029 - src.utils.logging - INFO - Running crawler: text_extractor
2025-03-16 23:43:43,029 - src.utils.logging - INFO - Running text_extractor on scmp_headlines
2025-03-16 23:43:43,029 - TextExtractor - INFO - Processing url https://www.scmp.com/news/china
2025-03-16 23:43:43,123 - TextExtractor - INFO - Found 35 elements with XPath '//div[@data-qa='Component-Headline']//h2'
2025-03-16 23:43:43,124 - src.utils.logging - INFO - Completed crawling for source: scmp_headlines
2025-03-16 23:43:43,124 - src.utils.logging - INFO - Completed crawling for crawler: text_extractor
2025-03-16 23:44:07,604 - src.utils.logging - INFO - Starting crawler.text_extractor script
2025-03-16 23:44:07,604 - src.utils.logging - INFO - Starting text_extractor script
2025-03-16 23:44:07,604 - src.utils.logging - INFO - Running crawler: text_extractor
2025-03-16 23:44:07,604 - src.utils.logging - INFO - Running text_extractor on scmp_headlines
2025-03-16 23:44:07,605 - TextExtractor - INFO - Processing url https://www.scmp.com/news/china
2025-03-16 23:44:07,724 - TextExtractor - INFO - Found 35 elements with XPath '//div[@data-qa='Component-Headline']//h2'
2025-03-16 23:44:07,725 - src.utils.logging - INFO - Completed crawling for source: scmp_headlines
2025-03-16 23:44:07,726 - src.utils.logging - INFO - Completed crawling for crawler: text_extractor
2025-03-16 23:44:13,001 - src.utils.logging - INFO - Starting crawler.text_extractor script
2025-03-16 23:44:13,001 - src.utils.logging - INFO - Starting text_extractor script
2025-03-16 23:44:13,001 - src.utils.logging - INFO - Running crawler: text_extractor
2025-03-16 23:44:13,001 - src.utils.logging - INFO - Running text_extractor on scmp_headlines
2025-03-16 23:44:13,001 - TextExtractor - INFO - Processing url https://www.scmp.com/news/china
2025-03-16 23:44:13,131 - TextExtractor - INFO - Found 35 elements with XPath '//div[@data-qa='Component-Headline']//h2'
2025-03-16 23:44:13,132 - src.utils.logging - INFO - Completed crawling for source: scmp_headlines
2025-03-16 23:44:13,132 - src.utils.logging - INFO - Completed crawling for crawler: text_extractor
2025-03-16 23:44:25,004 - src.utils.logging - INFO - Starting crawler.text_extractor script
2025-03-16 23:44:25,004 - src.utils.logging - INFO - Starting text_extractor script
2025-03-16 23:44:25,005 - src.utils.logging - INFO - Running crawler: text_extractor
2025-03-16 23:44:25,005 - src.utils.logging - INFO - Running text_extractor on scmp_headlines
2025-03-16 23:44:25,005 - TextExtractor - INFO - Processing url https://www.scmp.com/news/china
2025-03-16 23:44:25,134 - TextExtractor - INFO - Found 35 elements with XPath '//div[@data-qa='Component-Headline']//h2'
2025-03-16 23:44:25,136 - src.utils.logging - INFO - Completed crawling for source: scmp_headlines
2025-03-16 23:44:25,136 - src.utils.logging - INFO - Completed crawling for crawler: text_extractor
2025-03-16 23:44:41,893 - src.utils.logging - INFO - Starting crawler.text_extractor script
2025-03-16 23:44:41,893 - src.utils.logging - INFO - Starting text_extractor script
2025-03-16 23:44:41,893 - src.utils.logging - INFO - Running crawler: text_extractor
2025-03-16 23:44:41,893 - src.utils.logging - INFO - Running text_extractor on scmp_headlines
2025-03-16 23:44:41,894 - TextExtractor - INFO - Processing url https://www.scmp.com/news/china
2025-03-16 23:44:42,009 - TextExtractor - INFO - Found 35 elements with XPath '//div[@data-qa='Component-Headline']//h2'
2025-03-16 23:44:42,011 - src.utils.logging - INFO - Completed crawling for source: scmp_headlines
2025-03-16 23:44:42,011 - src.utils.logging - INFO - Completed crawling for crawler: text_extractor
2025-03-16 23:45:34,712 - src.utils.logging - INFO - Starting crawler.text_extractor script
2025-03-16 23:45:34,712 - src.utils.logging - INFO - Starting text_extractor script
2025-03-16 23:45:34,712 - src.utils.logging - INFO - Running crawler: text_extractor
2025-03-16 23:45:34,712 - src.utils.logging - INFO - Running text_extractor on scmp_headlines
2025-03-16 23:45:34,713 - TextExtractor - INFO - Processing url https://www.scmp.com/news/china
2025-03-16 23:45:34,826 - TextExtractor - INFO - Found 35 elements with XPath '//div[@data-qa='Component-Headline']//h2'
2025-03-16 23:45:34,828 - src.utils.logging - INFO - Completed crawling for source: scmp_headlines
2025-03-16 23:45:34,828 - src.utils.logging - INFO - Completed crawling for crawler: text_extractor
2025-03-16 23:45:52,139 - src.utils.logging - INFO - Starting crawler.text_extractor script
2025-03-16 23:45:52,139 - src.utils.logging - INFO - Starting text_extractor script
2025-03-16 23:45:52,139 - src.utils.logging - INFO - Running crawler: text_extractor
2025-03-16 23:45:52,139 - src.utils.logging - INFO - Running text_extractor on scmp_headlines
2025-03-16 23:45:52,139 - TextExtractor - INFO - Processing url https://www.scmp.com/news/china
2025-03-16 23:45:52,228 - TextExtractor - INFO - Found 35 elements with XPath '//div[@data-qa='Component-Headline']//h2'
2025-03-16 23:45:52,230 - src.utils.logging - INFO - Completed crawling for source: scmp_headlines
2025-03-16 23:45:52,230 - src.utils.logging - INFO - Completed crawling for crawler: text_extractor
2025-03-16 23:49:38,169 - src.utils.logging - INFO - Starting crawler.text_extractor script
2025-03-16 23:49:38,169 - src.utils.logging - INFO - Starting text_extractor script
2025-03-16 23:49:38,169 - src.utils.logging - INFO - Running crawler: text_extractor
2025-03-16 23:49:38,169 - src.utils.logging - INFO - Running text_extractor on scmp_headlines
2025-03-16 23:49:38,170 - TextExtractor - INFO - Processing url https://www.scmp.com/news/china
2025-03-16 23:49:38,265 - TextExtractor - INFO - Found 35 elements with XPath '//div[@data-qa='Component-Headline']//h2'
2025-03-16 23:49:38,266 - src.utils.logging - INFO - Completed crawling for source: scmp_headlines
2025-03-16 23:49:38,266 - src.utils.logging - INFO - Completed crawling for crawler: text_extractor
2025-03-16 23:50:13,956 - src.utils.logging - INFO - Starting crawler.text_extractor script
2025-03-16 23:50:13,956 - src.utils.logging - INFO - Starting text_extractor script
2025-03-16 23:50:13,956 - src.utils.logging - INFO - Running crawler: text_extractor
2025-03-16 23:50:13,956 - src.utils.logging - INFO - Running text_extractor on scmp_headlines
2025-03-16 23:50:13,956 - TextExtractor - INFO - Processing url https://www.scmp.com/news/china
2025-03-16 23:50:14,051 - TextExtractor - INFO - Found 35 elements with XPath '//div[@data-qa='Component-Headline']//h2'
2025-03-16 23:50:14,052 - src.utils.logging - INFO - Completed crawling for source: scmp_headlines
2025-03-16 23:50:14,053 - src.utils.logging - INFO - Completed crawling for crawler: text_extractor
2025-03-17 01:13:18,033 - src.utils.logging - INFO - Starting crawler.text_extractor script
2025-03-17 01:13:18,033 - src.utils.logging - INFO - Starting text_extractor script
2025-03-17 01:13:18,033 - src.utils.logging - INFO - Running crawler: text_extractor
2025-03-17 01:13:18,033 - src.utils.logging - INFO - Running text_extractor on scmp_headlines
2025-03-17 01:13:18,034 - TextExtractor - INFO - Processing url https://www.scmp.com/news/china
2025-03-17 01:13:18,079 - TextExtractor - INFO - Found 0 elements with XPath '//div[@data-qa='Component-Headline']//h2'
2025-03-17 01:13:18,080 - src.utils.logging - INFO - Completed crawling for source: scmp_headlines
2025-03-17 01:13:18,080 - src.utils.logging - INFO - Completed crawling for crawler: text_extractor
2025-03-17 01:15:04,163 - src.utils.logging - INFO - Starting crawler.text_extractor script
2025-03-17 01:15:04,163 - src.utils.logging - INFO - Starting text_extractor script
2025-03-17 01:15:04,163 - src.utils.logging - INFO - Running crawler: text_extractor
2025-03-17 01:15:04,163 - src.utils.logging - INFO - Running text_extractor on scmp_headlines
2025-03-17 01:15:04,164 - TextExtractor - INFO - Processing url https://www.scmp.com/news/china
2025-03-17 01:15:04,203 - TextExtractor - INFO - Found 0 elements with XPath '//div[@data-qa='Component-Headline']//h2'
2025-03-17 01:15:04,204 - src.utils.logging - INFO - Completed crawling for source: scmp_headlines
2025-03-17 01:15:04,204 - src.utils.logging - INFO - Completed crawling for crawler: text_extractor
2025-03-17 01:15:51,773 - src.utils.logging - INFO - Starting crawler.text_extractor script
2025-03-17 01:15:51,773 - src.utils.logging - INFO - Starting text_extractor script
2025-03-17 01:15:51,773 - src.utils.logging - INFO - Running crawler: text_extractor
2025-03-17 01:15:51,773 - src.utils.logging - INFO - Running text_extractor on scmp_headlines
2025-03-17 01:15:51,774 - TextExtractor - INFO - Processing url https://www.scmp.com/news/china
2025-03-17 01:15:51,881 - TextExtractor - INFO - Found 35 elements with XPath '//div[@data-qa='Component-Headline']//h2'
2025-03-17 01:15:51,883 - src.utils.logging - INFO - Completed crawling for source: scmp_headlines
2025-03-17 01:15:51,883 - src.utils.logging - INFO - Completed crawling for crawler: text_extractor
2025-03-17 01:16:30,053 - src.utils.logging - INFO - Starting crawler.text_extractor script
2025-03-17 01:16:30,054 - src.utils.logging - INFO - Starting text_extractor script
2025-03-17 01:16:30,054 - src.utils.logging - INFO - Running crawler: text_extractor
2025-03-17 01:16:30,054 - src.utils.logging - INFO - Running text_extractor on scmp_headlines
2025-03-17 01:16:30,055 - TextExtractor - INFO - Processing url https://www.scmp.com/news/china
2025-03-17 01:16:30,142 - TextExtractor - INFO - Found 35 elements with XPath '//div[@data-qa='Component-Headline']//h2'
2025-03-17 01:16:30,143 - src.utils.logging - INFO - Completed crawling for source: scmp_headlines
2025-03-17 01:16:30,143 - src.utils.logging - INFO - Completed crawling for crawler: text_extractor
